[2022-05-07 15:12:24,086] DEBUG preRegister called. Server=com.sun.jmx.mbeanserver.JmxMBeanServer@66d3c617, name=log4j:logger=kafka.controller (kafka.controller)
[2022-05-07 15:12:42,862] INFO [ControllerEventThread controllerId=0] Starting (kafka.controller.ControllerEventManager$ControllerEventThread)
[2022-05-07 15:12:42,947] INFO [Controller id=0] 0 successfully elected as the controller. Epoch incremented to 3 and epoch zk version is now 3 (kafka.controller.KafkaController)
[2022-05-07 15:12:42,950] INFO [Controller id=0] Registering handlers (kafka.controller.KafkaController)
[2022-05-07 15:12:42,963] INFO [Controller id=0] Deleting log dir event notifications (kafka.controller.KafkaController)
[2022-05-07 15:12:42,966] INFO [Controller id=0] Deleting isr change notifications (kafka.controller.KafkaController)
[2022-05-07 15:12:42,969] INFO [Controller id=0] Initializing controller context (kafka.controller.KafkaController)
[2022-05-07 15:12:43,071] INFO [Controller id=0] Initialized broker epochs cache: HashMap(0 -> 65) (kafka.controller.KafkaController)
[2022-05-07 15:12:43,104] DEBUG [Controller id=0] Register BrokerModifications handler for Set(0) (kafka.controller.KafkaController)
[2022-05-07 15:12:43,116] DEBUG [Channel manager on controller 0]: Controller 0 trying to connect to broker 0 (kafka.controller.ControllerChannelManager)
[2022-05-07 15:12:43,202] INFO [RequestSendThread controllerId=0] Starting (kafka.controller.RequestSendThread)
[2022-05-07 15:12:43,202] INFO [Controller id=0] Currently active brokers in the cluster: Set(0) (kafka.controller.KafkaController)
[2022-05-07 15:12:43,202] INFO [Controller id=0] Currently shutting brokers in the cluster: HashSet() (kafka.controller.KafkaController)
[2022-05-07 15:12:43,207] INFO [Controller id=0] Current list of topics in the cluster: HashSet() (kafka.controller.KafkaController)
[2022-05-07 15:12:43,207] INFO [Controller id=0] Fetching topic deletions in progress (kafka.controller.KafkaController)
[2022-05-07 15:12:43,216] INFO [Controller id=0] List of topics to be deleted:  (kafka.controller.KafkaController)
[2022-05-07 15:12:43,216] INFO [Controller id=0] List of topics ineligible for deletion:  (kafka.controller.KafkaController)
[2022-05-07 15:12:43,216] INFO [Controller id=0] Initializing topic deletion manager (kafka.controller.KafkaController)
[2022-05-07 15:12:43,231] INFO [Topic Deletion Manager 0] Initializing manager with initial deletions: Set(), initial ineligible deletions: HashSet() (kafka.controller.TopicDeletionManager)
[2022-05-07 15:12:43,234] INFO [Controller id=0] Sending update metadata request (kafka.controller.KafkaController)
[2022-05-07 15:12:43,284] INFO [ReplicaStateMachine controllerId=0] Initializing replica state (kafka.controller.ZkReplicaStateMachine)
[2022-05-07 15:12:43,285] INFO [ReplicaStateMachine controllerId=0] Triggering online replica state changes (kafka.controller.ZkReplicaStateMachine)
[2022-05-07 15:12:43,307] INFO [ReplicaStateMachine controllerId=0] Triggering offline replica state changes (kafka.controller.ZkReplicaStateMachine)
[2022-05-07 15:12:43,307] DEBUG [ReplicaStateMachine controllerId=0] Started replica state machine with initial state -> HashMap() (kafka.controller.ZkReplicaStateMachine)
[2022-05-07 15:12:43,308] INFO [PartitionStateMachine controllerId=0] Initializing partition state (kafka.controller.ZkPartitionStateMachine)
[2022-05-07 15:12:43,308] INFO [PartitionStateMachine controllerId=0] Triggering online partition state changes (kafka.controller.ZkPartitionStateMachine)
[2022-05-07 15:12:43,315] INFO [RequestSendThread controllerId=0] Controller 0 connected to ip-172-31-25-33.ec2.internal:9092 (id: 0 rack: null) for sending state change requests (kafka.controller.RequestSendThread)
[2022-05-07 15:12:43,332] DEBUG [PartitionStateMachine controllerId=0] Started partition state machine with initial state -> HashMap() (kafka.controller.ZkPartitionStateMachine)
[2022-05-07 15:12:43,333] INFO [Controller id=0] Ready to serve as the new controller with epoch 3 (kafka.controller.KafkaController)
[2022-05-07 15:12:43,349] INFO [Controller id=0] Partitions undergoing preferred replica election:  (kafka.controller.KafkaController)
[2022-05-07 15:12:43,349] INFO [Controller id=0] Partitions that completed preferred replica election:  (kafka.controller.KafkaController)
[2022-05-07 15:12:43,350] INFO [Controller id=0] Skipping preferred replica election for partitions due to topic deletion:  (kafka.controller.KafkaController)
[2022-05-07 15:12:43,350] INFO [Controller id=0] Resuming preferred replica election for partitions:  (kafka.controller.KafkaController)
[2022-05-07 15:12:43,354] INFO [Controller id=0] Starting replica leader election (PREFERRED) for partitions  triggered by ZkTriggered (kafka.controller.KafkaController)
[2022-05-07 15:12:43,397] INFO [Controller id=0] Starting the controller scheduler (kafka.controller.KafkaController)
[2022-05-07 15:12:43,738] INFO [Controller id=0] New topics: [Set(my-stream)], deleted topics: [HashSet()], new partition replica assignment [Set(TopicIdReplicaAssignment(my-stream,Some(y9d_TybpTpeAMxQBCy35yw),Map(my-stream-0 -> ReplicaAssignment(replicas=0, addingReplicas=, removingReplicas=))))] (kafka.controller.KafkaController)
[2022-05-07 15:12:43,743] INFO [Controller id=0] New partition creation callback for my-stream-0 (kafka.controller.KafkaController)
[2022-05-07 15:12:44,132] INFO [Controller id=0] Shutting down broker 0 (kafka.controller.KafkaController)
[2022-05-07 15:12:44,132] DEBUG [Controller id=0] All shutting down brokers: 0 (kafka.controller.KafkaController)
[2022-05-07 15:12:44,132] DEBUG [Controller id=0] Live brokers:  (kafka.controller.KafkaController)
[2022-05-07 15:12:44,137] TRACE [Controller id=0] All leaders = my-stream-0 -> (Leader:0,ISR:0,LeaderEpoch:0,ZkVersion:0,ControllerEpoch:3) (kafka.controller.KafkaController)
[2022-05-07 15:12:44,220] WARN [RequestSendThread controllerId=0] Controller 0 epoch 3 fails to send request (type: UpdateMetadataRequest=, controllerId=0, controllerEpoch=3, brokerEpoch=65, partitionStates=[UpdateMetadataPartitionState(topicName='my-stream', partitionIndex=0, controllerEpoch=3, leader=0, leaderEpoch=0, isr=[0], zkVersion=0, replicas=[0], offlineReplicas=[])], liveBrokers=UpdateMetadataBroker(id=0, v0Host='', v0Port=0, endpoints=[UpdateMetadataEndpoint(port=9092, host='ip-172-31-25-33.ec2.internal', listener='PLAINTEXT', securityProtocol=0)], rack=null)) to broker ip-172-31-25-33.ec2.internal:9092 (id: 0 rack: null). Reconnecting to broker. (kafka.controller.RequestSendThread)
java.io.IOException: Connection to 0 was disconnected before the response was read
	at org.apache.kafka.clients.NetworkClientUtils.sendAndReceive(NetworkClientUtils.java:99)
	at kafka.controller.RequestSendThread.doWork(ControllerChannelManager.scala:252)
	at kafka.utils.ShutdownableThread.run(ShutdownableThread.scala:96)
[2022-05-07 15:12:44,342] WARN [RequestSendThread controllerId=0] Controller 0's connection to broker ip-172-31-25-33.ec2.internal:9092 (id: 0 rack: null) was unsuccessful (kafka.controller.RequestSendThread)
java.io.IOException: Connection to ip-172-31-25-33.ec2.internal:9092 (id: 0 rack: null) failed.
	at org.apache.kafka.clients.NetworkClientUtils.awaitReady(NetworkClientUtils.java:70)
	at kafka.controller.RequestSendThread.brokerReady(ControllerChannelManager.scala:291)
	at kafka.controller.RequestSendThread.doWork(ControllerChannelManager.scala:245)
	at kafka.utils.ShutdownableThread.run(ShutdownableThread.scala:96)
[2022-05-07 15:12:44,444] WARN [RequestSendThread controllerId=0] Controller 0's connection to broker ip-172-31-25-33.ec2.internal:9092 (id: 0 rack: null) was unsuccessful (kafka.controller.RequestSendThread)
java.io.IOException: Connection to ip-172-31-25-33.ec2.internal:9092 (id: 0 rack: null) failed.
	at org.apache.kafka.clients.NetworkClientUtils.awaitReady(NetworkClientUtils.java:70)
	at kafka.controller.RequestSendThread.brokerReady(ControllerChannelManager.scala:291)
	at kafka.controller.RequestSendThread.doWork(ControllerChannelManager.scala:245)
	at kafka.utils.ShutdownableThread.run(ShutdownableThread.scala:96)
[2022-05-07 15:12:44,548] WARN [RequestSendThread controllerId=0] Controller 0's connection to broker ip-172-31-25-33.ec2.internal:9092 (id: 0 rack: null) was unsuccessful (kafka.controller.RequestSendThread)
java.io.IOException: Connection to ip-172-31-25-33.ec2.internal:9092 (id: 0 rack: null) failed.
	at org.apache.kafka.clients.NetworkClientUtils.awaitReady(NetworkClientUtils.java:70)
	at kafka.controller.RequestSendThread.brokerReady(ControllerChannelManager.scala:291)
	at kafka.controller.RequestSendThread.doWork(ControllerChannelManager.scala:245)
	at kafka.utils.ShutdownableThread.run(ShutdownableThread.scala:96)
[2022-05-07 15:12:44,650] WARN [RequestSendThread controllerId=0] Controller 0's connection to broker ip-172-31-25-33.ec2.internal:9092 (id: 0 rack: null) was unsuccessful (kafka.controller.RequestSendThread)
java.io.IOException: Connection to ip-172-31-25-33.ec2.internal:9092 (id: 0 rack: null) failed.
	at org.apache.kafka.clients.NetworkClientUtils.awaitReady(NetworkClientUtils.java:70)
	at kafka.controller.RequestSendThread.brokerReady(ControllerChannelManager.scala:291)
	at kafka.controller.RequestSendThread.doWork(ControllerChannelManager.scala:245)
	at kafka.utils.ShutdownableThread.run(ShutdownableThread.scala:96)
[2022-05-07 15:12:44,752] WARN [RequestSendThread controllerId=0] Controller 0's connection to broker ip-172-31-25-33.ec2.internal:9092 (id: 0 rack: null) was unsuccessful (kafka.controller.RequestSendThread)
java.io.IOException: Connection to ip-172-31-25-33.ec2.internal:9092 (id: 0 rack: null) failed.
	at org.apache.kafka.clients.NetworkClientUtils.awaitReady(NetworkClientUtils.java:70)
	at kafka.controller.RequestSendThread.brokerReady(ControllerChannelManager.scala:291)
	at kafka.controller.RequestSendThread.doWork(ControllerChannelManager.scala:245)
	at kafka.utils.ShutdownableThread.run(ShutdownableThread.scala:96)
[2022-05-07 15:12:44,854] WARN [RequestSendThread controllerId=0] Controller 0's connection to broker ip-172-31-25-33.ec2.internal:9092 (id: 0 rack: null) was unsuccessful (kafka.controller.RequestSendThread)
java.io.IOException: Connection to ip-172-31-25-33.ec2.internal:9092 (id: 0 rack: null) failed.
	at org.apache.kafka.clients.NetworkClientUtils.awaitReady(NetworkClientUtils.java:70)
	at kafka.controller.RequestSendThread.brokerReady(ControllerChannelManager.scala:291)
	at kafka.controller.RequestSendThread.doWork(ControllerChannelManager.scala:245)
	at kafka.utils.ShutdownableThread.run(ShutdownableThread.scala:96)
[2022-05-07 15:12:44,956] WARN [RequestSendThread controllerId=0] Controller 0's connection to broker ip-172-31-25-33.ec2.internal:9092 (id: 0 rack: null) was unsuccessful (kafka.controller.RequestSendThread)
java.io.IOException: Connection to ip-172-31-25-33.ec2.internal:9092 (id: 0 rack: null) failed.
	at org.apache.kafka.clients.NetworkClientUtils.awaitReady(NetworkClientUtils.java:70)
	at kafka.controller.RequestSendThread.brokerReady(ControllerChannelManager.scala:291)
	at kafka.controller.RequestSendThread.doWork(ControllerChannelManager.scala:245)
	at kafka.utils.ShutdownableThread.run(ShutdownableThread.scala:96)
[2022-05-07 15:12:45,061] WARN [RequestSendThread controllerId=0] Controller 0's connection to broker ip-172-31-25-33.ec2.internal:9092 (id: 0 rack: null) was unsuccessful (kafka.controller.RequestSendThread)
java.io.IOException: Connection to ip-172-31-25-33.ec2.internal:9092 (id: 0 rack: null) failed.
	at org.apache.kafka.clients.NetworkClientUtils.awaitReady(NetworkClientUtils.java:70)
	at kafka.controller.RequestSendThread.brokerReady(ControllerChannelManager.scala:291)
	at kafka.controller.RequestSendThread.doWork(ControllerChannelManager.scala:245)
	at kafka.utils.ShutdownableThread.run(ShutdownableThread.scala:96)
[2022-05-07 15:12:45,157] INFO [ControllerEventThread controllerId=0] Shutting down (kafka.controller.ControllerEventManager$ControllerEventThread)
[2022-05-07 15:12:45,157] INFO [ControllerEventThread controllerId=0] Stopped (kafka.controller.ControllerEventManager$ControllerEventThread)
[2022-05-07 15:12:45,157] INFO [ControllerEventThread controllerId=0] Shutdown completed (kafka.controller.ControllerEventManager$ControllerEventThread)
[2022-05-07 15:12:45,158] DEBUG [Controller id=0] Resigning (kafka.controller.KafkaController)
[2022-05-07 15:12:45,159] DEBUG [Controller id=0] Unregister BrokerModifications handler for Set(0) (kafka.controller.KafkaController)
[2022-05-07 15:12:45,163] WARN [RequestSendThread controllerId=0] Controller 0's connection to broker ip-172-31-25-33.ec2.internal:9092 (id: 0 rack: null) was unsuccessful (kafka.controller.RequestSendThread)
java.io.IOException: Connection to ip-172-31-25-33.ec2.internal:9092 (id: 0 rack: null) failed.
	at org.apache.kafka.clients.NetworkClientUtils.awaitReady(NetworkClientUtils.java:70)
	at kafka.controller.RequestSendThread.brokerReady(ControllerChannelManager.scala:291)
	at kafka.controller.RequestSendThread.doWork(ControllerChannelManager.scala:245)
	at kafka.utils.ShutdownableThread.run(ShutdownableThread.scala:96)
[2022-05-07 15:12:45,163] INFO [PartitionStateMachine controllerId=0] Stopped partition state machine (kafka.controller.ZkPartitionStateMachine)
[2022-05-07 15:12:45,164] INFO [ReplicaStateMachine controllerId=0] Stopped replica state machine (kafka.controller.ZkReplicaStateMachine)
[2022-05-07 15:12:45,167] INFO [RequestSendThread controllerId=0] Shutting down (kafka.controller.RequestSendThread)
[2022-05-07 15:12:45,167] TRACE [RequestSendThread controllerId=0] shutdownInitiated latch count reached zero. Shutdown called. (kafka.controller.RequestSendThread)
[2022-05-07 15:12:45,167] INFO [RequestSendThread controllerId=0] Stopped (kafka.controller.RequestSendThread)
[2022-05-07 15:12:45,167] INFO [RequestSendThread controllerId=0] Shutdown completed (kafka.controller.RequestSendThread)
[2022-05-07 15:12:45,195] INFO [Controller id=0] Resigned (kafka.controller.KafkaController)
[2022-05-07 15:13:22,763] INFO [ControllerEventThread controllerId=0] Starting (kafka.controller.ControllerEventManager$ControllerEventThread)
[2022-05-07 15:13:22,821] INFO [Controller id=0] 0 successfully elected as the controller. Epoch incremented to 4 and epoch zk version is now 4 (kafka.controller.KafkaController)
[2022-05-07 15:13:22,824] INFO [Controller id=0] Registering handlers (kafka.controller.KafkaController)
[2022-05-07 15:13:22,828] INFO [Controller id=0] Deleting log dir event notifications (kafka.controller.KafkaController)
[2022-05-07 15:13:22,838] INFO [Controller id=0] Deleting isr change notifications (kafka.controller.KafkaController)
[2022-05-07 15:13:22,844] INFO [Controller id=0] Initializing controller context (kafka.controller.KafkaController)
[2022-05-07 15:13:22,888] INFO [Controller id=0] Initialized broker epochs cache: HashMap(0 -> 90) (kafka.controller.KafkaController)
[2022-05-07 15:13:22,936] DEBUG [Controller id=0] Register BrokerModifications handler for Set(0) (kafka.controller.KafkaController)
[2022-05-07 15:13:22,973] DEBUG [Channel manager on controller 0]: Controller 0 trying to connect to broker 0 (kafka.controller.ControllerChannelManager)
[2022-05-07 15:13:23,014] INFO [RequestSendThread controllerId=0] Starting (kafka.controller.RequestSendThread)
[2022-05-07 15:13:23,016] INFO [Controller id=0] Currently active brokers in the cluster: Set(0) (kafka.controller.KafkaController)
[2022-05-07 15:13:23,016] INFO [Controller id=0] Currently shutting brokers in the cluster: HashSet() (kafka.controller.KafkaController)
[2022-05-07 15:13:23,016] INFO [Controller id=0] Current list of topics in the cluster: HashSet(my-stream) (kafka.controller.KafkaController)
[2022-05-07 15:13:23,017] INFO [Controller id=0] Fetching topic deletions in progress (kafka.controller.KafkaController)
[2022-05-07 15:13:23,032] INFO [Controller id=0] List of topics to be deleted:  (kafka.controller.KafkaController)
[2022-05-07 15:13:23,032] INFO [Controller id=0] List of topics ineligible for deletion:  (kafka.controller.KafkaController)
[2022-05-07 15:13:23,032] INFO [Controller id=0] Initializing topic deletion manager (kafka.controller.KafkaController)
[2022-05-07 15:13:23,033] INFO [Topic Deletion Manager 0] Initializing manager with initial deletions: Set(), initial ineligible deletions: HashSet() (kafka.controller.TopicDeletionManager)
[2022-05-07 15:13:23,034] INFO [Controller id=0] Sending update metadata request (kafka.controller.KafkaController)
[2022-05-07 15:13:23,092] INFO [ReplicaStateMachine controllerId=0] Initializing replica state (kafka.controller.ZkReplicaStateMachine)
[2022-05-07 15:13:23,111] INFO [RequestSendThread controllerId=0] Controller 0 connected to ip-172-31-25-33.ec2.internal:9092 (id: 0 rack: null) for sending state change requests (kafka.controller.RequestSendThread)
[2022-05-07 15:13:23,114] INFO [ReplicaStateMachine controllerId=0] Triggering online replica state changes (kafka.controller.ZkReplicaStateMachine)
[2022-05-07 15:13:23,215] INFO [ReplicaStateMachine controllerId=0] Triggering offline replica state changes (kafka.controller.ZkReplicaStateMachine)
[2022-05-07 15:13:23,217] DEBUG [ReplicaStateMachine controllerId=0] Started replica state machine with initial state -> HashMap([Topic=my-stream,Partition=0,Replica=0] -> OnlineReplica) (kafka.controller.ZkReplicaStateMachine)
[2022-05-07 15:13:23,217] INFO [PartitionStateMachine controllerId=0] Initializing partition state (kafka.controller.ZkPartitionStateMachine)
[2022-05-07 15:13:23,232] INFO [PartitionStateMachine controllerId=0] Triggering online partition state changes (kafka.controller.ZkPartitionStateMachine)
[2022-05-07 15:13:23,239] DEBUG [PartitionStateMachine controllerId=0] Started partition state machine with initial state -> HashMap(my-stream-0 -> OnlinePartition) (kafka.controller.ZkPartitionStateMachine)
[2022-05-07 15:13:23,239] INFO [Controller id=0] Ready to serve as the new controller with epoch 4 (kafka.controller.KafkaController)
[2022-05-07 15:13:23,254] INFO [Controller id=0] Partitions undergoing preferred replica election:  (kafka.controller.KafkaController)
[2022-05-07 15:13:23,254] INFO [Controller id=0] Partitions that completed preferred replica election:  (kafka.controller.KafkaController)
[2022-05-07 15:13:23,254] INFO [Controller id=0] Skipping preferred replica election for partitions due to topic deletion:  (kafka.controller.KafkaController)
[2022-05-07 15:13:23,258] INFO [Controller id=0] Resuming preferred replica election for partitions:  (kafka.controller.KafkaController)
[2022-05-07 15:13:23,266] INFO [Controller id=0] Starting replica leader election (PREFERRED) for partitions  triggered by ZkTriggered (kafka.controller.KafkaController)
[2022-05-07 15:13:23,290] INFO [Controller id=0] Starting the controller scheduler (kafka.controller.KafkaController)
[2022-05-07 15:13:28,292] INFO [Controller id=0] Processing automatic preferred replica leader election (kafka.controller.KafkaController)
[2022-05-07 15:13:28,292] TRACE [Controller id=0] Checking need to trigger auto leader balancing (kafka.controller.KafkaController)
[2022-05-07 15:13:28,301] DEBUG [Controller id=0] Topics not in preferred replica for broker 0 Map() (kafka.controller.KafkaController)
[2022-05-07 15:13:28,303] TRACE [Controller id=0] Leader imbalance ratio for broker 0 is 0.0 (kafka.controller.KafkaController)
[2022-05-07 15:13:42,180] INFO [Controller id=0] New topics: [Set(__consumer_offsets)], deleted topics: [HashSet()], new partition replica assignment [Set(TopicIdReplicaAssignment(__consumer_offsets,Some(jC2vYLqzQO--WAQc3xg1YQ),HashMap(__consumer_offsets-22 -> ReplicaAssignment(replicas=0, addingReplicas=, removingReplicas=), __consumer_offsets-30 -> ReplicaAssignment(replicas=0, addingReplicas=, removingReplicas=), __consumer_offsets-25 -> ReplicaAssignment(replicas=0, addingReplicas=, removingReplicas=), __consumer_offsets-35 -> ReplicaAssignment(replicas=0, addingReplicas=, removingReplicas=), __consumer_offsets-37 -> ReplicaAssignment(replicas=0, addingReplicas=, removingReplicas=), __consumer_offsets-38 -> ReplicaAssignment(replicas=0, addingReplicas=, removingReplicas=), __consumer_offsets-13 -> ReplicaAssignment(replicas=0, addingReplicas=, removingReplicas=), __consumer_offsets-8 -> ReplicaAssignment(replicas=0, addingReplicas=, removingReplicas=), __consumer_offsets-21 -> ReplicaAssignment(replicas=0, addingReplicas=, removingReplicas=), __consumer_offsets-4 -> ReplicaAssignment(replicas=0, addingReplicas=, removingReplicas=), __consumer_offsets-27 -> ReplicaAssignment(replicas=0, addingReplicas=, removingReplicas=), __consumer_offsets-7 -> ReplicaAssignment(replicas=0, addingReplicas=, removingReplicas=), __consumer_offsets-9 -> ReplicaAssignment(replicas=0, addingReplicas=, removingReplicas=), __consumer_offsets-46 -> ReplicaAssignment(replicas=0, addingReplicas=, removingReplicas=), __consumer_offsets-41 -> ReplicaAssignment(replicas=0, addingReplicas=, removingReplicas=), __consumer_offsets-33 -> ReplicaAssignment(replicas=0, addingReplicas=, removingReplicas=), __consumer_offsets-23 -> ReplicaAssignment(replicas=0, addingReplicas=, removingReplicas=), __consumer_offsets-49 -> ReplicaAssignment(replicas=0, addingReplicas=, removingReplicas=), __consumer_offsets-47 -> ReplicaAssignment(replicas=0, addingReplicas=, removingReplicas=), __consumer_offsets-16 -> ReplicaAssignment(replicas=0, addingReplicas=, removingReplicas=), __consumer_offsets-28 -> ReplicaAssignment(replicas=0, addingReplicas=, removingReplicas=), __consumer_offsets-31 -> ReplicaAssignment(replicas=0, addingReplicas=, removingReplicas=), __consumer_offsets-36 -> ReplicaAssignment(replicas=0, addingReplicas=, removingReplicas=), __consumer_offsets-42 -> ReplicaAssignment(replicas=0, addingReplicas=, removingReplicas=), __consumer_offsets-3 -> ReplicaAssignment(replicas=0, addingReplicas=, removingReplicas=), __consumer_offsets-18 -> ReplicaAssignment(replicas=0, addingReplicas=, removingReplicas=), __consumer_offsets-15 -> ReplicaAssignment(replicas=0, addingReplicas=, removingReplicas=), __consumer_offsets-24 -> ReplicaAssignment(replicas=0, addingReplicas=, removingReplicas=), __consumer_offsets-17 -> ReplicaAssignment(replicas=0, addingReplicas=, removingReplicas=), __consumer_offsets-48 -> ReplicaAssignment(replicas=0, addingReplicas=, removingReplicas=), __consumer_offsets-19 -> ReplicaAssignment(replicas=0, addingReplicas=, removingReplicas=), __consumer_offsets-11 -> ReplicaAssignment(replicas=0, addingReplicas=, removingReplicas=), __consumer_offsets-2 -> ReplicaAssignment(replicas=0, addingReplicas=, removingReplicas=), __consumer_offsets-43 -> ReplicaAssignment(replicas=0, addingReplicas=, removingReplicas=), __consumer_offsets-6 -> ReplicaAssignment(replicas=0, addingReplicas=, removingReplicas=), __consumer_offsets-14 -> ReplicaAssignment(replicas=0, addingReplicas=, removingReplicas=), __consumer_offsets-20 -> ReplicaAssignment(replicas=0, addingReplicas=, removingReplicas=), __consumer_offsets-0 -> ReplicaAssignment(replicas=0, addingReplicas=, removingReplicas=), __consumer_offsets-44 -> ReplicaAssignment(replicas=0, addingReplicas=, removingReplicas=), __consumer_offsets-39 -> ReplicaAssignment(replicas=0, addingReplicas=, removingReplicas=), __consumer_offsets-12 -> ReplicaAssignment(replicas=0, addingReplicas=, removingReplicas=), __consumer_offsets-45 -> ReplicaAssignment(replicas=0, addingReplicas=, removingReplicas=), __consumer_offsets-1 -> ReplicaAssignment(replicas=0, addingReplicas=, removingReplicas=), __consumer_offsets-5 -> ReplicaAssignment(replicas=0, addingReplicas=, removingReplicas=), __consumer_offsets-26 -> ReplicaAssignment(replicas=0, addingReplicas=, removingReplicas=), __consumer_offsets-29 -> ReplicaAssignment(replicas=0, addingReplicas=, removingReplicas=), __consumer_offsets-34 -> ReplicaAssignment(replicas=0, addingReplicas=, removingReplicas=), __consumer_offsets-10 -> ReplicaAssignment(replicas=0, addingReplicas=, removingReplicas=), __consumer_offsets-32 -> ReplicaAssignment(replicas=0, addingReplicas=, removingReplicas=), __consumer_offsets-40 -> ReplicaAssignment(replicas=0, addingReplicas=, removingReplicas=))))] (kafka.controller.KafkaController)
[2022-05-07 15:13:42,181] INFO [Controller id=0] New partition creation callback for __consumer_offsets-22,__consumer_offsets-30,__consumer_offsets-25,__consumer_offsets-35,__consumer_offsets-37,__consumer_offsets-38,__consumer_offsets-13,__consumer_offsets-8,__consumer_offsets-21,__consumer_offsets-4,__consumer_offsets-27,__consumer_offsets-7,__consumer_offsets-9,__consumer_offsets-46,__consumer_offsets-41,__consumer_offsets-33,__consumer_offsets-23,__consumer_offsets-49,__consumer_offsets-47,__consumer_offsets-16,__consumer_offsets-28,__consumer_offsets-31,__consumer_offsets-36,__consumer_offsets-42,__consumer_offsets-3,__consumer_offsets-18,__consumer_offsets-15,__consumer_offsets-24,__consumer_offsets-17,__consumer_offsets-48,__consumer_offsets-19,__consumer_offsets-11,__consumer_offsets-2,__consumer_offsets-43,__consumer_offsets-6,__consumer_offsets-14,__consumer_offsets-20,__consumer_offsets-0,__consumer_offsets-44,__consumer_offsets-39,__consumer_offsets-12,__consumer_offsets-45,__consumer_offsets-1,__consumer_offsets-5,__consumer_offsets-26,__consumer_offsets-29,__consumer_offsets-34,__consumer_offsets-10,__consumer_offsets-32,__consumer_offsets-40 (kafka.controller.KafkaController)
[2022-05-07 15:18:28,326] INFO [Controller id=0] Processing automatic preferred replica leader election (kafka.controller.KafkaController)
[2022-05-07 15:18:28,329] TRACE [Controller id=0] Checking need to trigger auto leader balancing (kafka.controller.KafkaController)
[2022-05-07 15:18:28,357] DEBUG [Controller id=0] Topics not in preferred replica for broker 0 HashMap() (kafka.controller.KafkaController)
[2022-05-07 15:18:28,359] TRACE [Controller id=0] Leader imbalance ratio for broker 0 is 0.0 (kafka.controller.KafkaController)
[2022-05-07 15:23:28,366] INFO [Controller id=0] Processing automatic preferred replica leader election (kafka.controller.KafkaController)
[2022-05-07 15:23:28,382] TRACE [Controller id=0] Checking need to trigger auto leader balancing (kafka.controller.KafkaController)
[2022-05-07 15:23:28,387] DEBUG [Controller id=0] Topics not in preferred replica for broker 0 HashMap() (kafka.controller.KafkaController)
[2022-05-07 15:23:28,391] TRACE [Controller id=0] Leader imbalance ratio for broker 0 is 0.0 (kafka.controller.KafkaController)
[2022-05-07 15:28:28,391] INFO [Controller id=0] Processing automatic preferred replica leader election (kafka.controller.KafkaController)
[2022-05-07 15:28:28,392] TRACE [Controller id=0] Checking need to trigger auto leader balancing (kafka.controller.KafkaController)
[2022-05-07 15:28:28,393] DEBUG [Controller id=0] Topics not in preferred replica for broker 0 HashMap() (kafka.controller.KafkaController)
[2022-05-07 15:28:28,393] TRACE [Controller id=0] Leader imbalance ratio for broker 0 is 0.0 (kafka.controller.KafkaController)
[2022-05-07 15:33:28,394] INFO [Controller id=0] Processing automatic preferred replica leader election (kafka.controller.KafkaController)
[2022-05-07 15:33:28,394] TRACE [Controller id=0] Checking need to trigger auto leader balancing (kafka.controller.KafkaController)
[2022-05-07 15:33:28,396] DEBUG [Controller id=0] Topics not in preferred replica for broker 0 HashMap() (kafka.controller.KafkaController)
[2022-05-07 15:33:28,396] TRACE [Controller id=0] Leader imbalance ratio for broker 0 is 0.0 (kafka.controller.KafkaController)
[2022-05-07 15:38:28,397] INFO [Controller id=0] Processing automatic preferred replica leader election (kafka.controller.KafkaController)
[2022-05-07 15:38:28,397] TRACE [Controller id=0] Checking need to trigger auto leader balancing (kafka.controller.KafkaController)
[2022-05-07 15:38:28,398] DEBUG [Controller id=0] Topics not in preferred replica for broker 0 HashMap() (kafka.controller.KafkaController)
[2022-05-07 15:38:28,398] TRACE [Controller id=0] Leader imbalance ratio for broker 0 is 0.0 (kafka.controller.KafkaController)
[2022-05-07 15:43:28,416] INFO [Controller id=0] Processing automatic preferred replica leader election (kafka.controller.KafkaController)
[2022-05-07 15:43:28,418] TRACE [Controller id=0] Checking need to trigger auto leader balancing (kafka.controller.KafkaController)
[2022-05-07 15:43:28,431] DEBUG [Controller id=0] Topics not in preferred replica for broker 0 HashMap() (kafka.controller.KafkaController)
[2022-05-07 15:43:28,434] TRACE [Controller id=0] Leader imbalance ratio for broker 0 is 0.0 (kafka.controller.KafkaController)
[2022-05-07 15:47:18,326] INFO [Controller id=0] Shutting down broker 0 (kafka.controller.KafkaController)
[2022-05-07 15:47:18,328] DEBUG [Controller id=0] All shutting down brokers: 0 (kafka.controller.KafkaController)
[2022-05-07 15:47:18,329] DEBUG [Controller id=0] Live brokers:  (kafka.controller.KafkaController)
[2022-05-07 15:47:18,398] TRACE [Controller id=0] All leaders = __consumer_offsets-13 -> (Leader:0,ISR:0,LeaderEpoch:0,ZkVersion:0,ControllerEpoch:4),__consumer_offsets-46 -> (Leader:0,ISR:0,LeaderEpoch:0,ZkVersion:0,ControllerEpoch:4),__consumer_offsets-9 -> (Leader:0,ISR:0,LeaderEpoch:0,ZkVersion:0,ControllerEpoch:4),__consumer_offsets-42 -> (Leader:0,ISR:0,LeaderEpoch:0,ZkVersion:0,ControllerEpoch:4),__consumer_offsets-21 -> (Leader:0,ISR:0,LeaderEpoch:0,ZkVersion:0,ControllerEpoch:4),__consumer_offsets-17 -> (Leader:0,ISR:0,LeaderEpoch:0,ZkVersion:0,ControllerEpoch:4),__consumer_offsets-30 -> (Leader:0,ISR:0,LeaderEpoch:0,ZkVersion:0,ControllerEpoch:4),__consumer_offsets-26 -> (Leader:0,ISR:0,LeaderEpoch:0,ZkVersion:0,ControllerEpoch:4),__consumer_offsets-5 -> (Leader:0,ISR:0,LeaderEpoch:0,ZkVersion:0,ControllerEpoch:4),__consumer_offsets-38 -> (Leader:0,ISR:0,LeaderEpoch:0,ZkVersion:0,ControllerEpoch:4),__consumer_offsets-1 -> (Leader:0,ISR:0,LeaderEpoch:0,ZkVersion:0,ControllerEpoch:4),__consumer_offsets-34 -> (Leader:0,ISR:0,LeaderEpoch:0,ZkVersion:0,ControllerEpoch:4),__consumer_offsets-16 -> (Leader:0,ISR:0,LeaderEpoch:0,ZkVersion:0,ControllerEpoch:4),__consumer_offsets-45 -> (Leader:0,ISR:0,LeaderEpoch:0,ZkVersion:0,ControllerEpoch:4),__consumer_offsets-12 -> (Leader:0,ISR:0,LeaderEpoch:0,ZkVersion:0,ControllerEpoch:4),__consumer_offsets-41 -> (Leader:0,ISR:0,LeaderEpoch:0,ZkVersion:0,ControllerEpoch:4),__consumer_offsets-24 -> (Leader:0,ISR:0,LeaderEpoch:0,ZkVersion:0,ControllerEpoch:4),__consumer_offsets-20 -> (Leader:0,ISR:0,LeaderEpoch:0,ZkVersion:0,ControllerEpoch:4),__consumer_offsets-49 -> (Leader:0,ISR:0,LeaderEpoch:0,ZkVersion:0,ControllerEpoch:4),__consumer_offsets-0 -> (Leader:0,ISR:0,LeaderEpoch:0,ZkVersion:0,ControllerEpoch:4),__consumer_offsets-29 -> (Leader:0,ISR:0,LeaderEpoch:0,ZkVersion:0,ControllerEpoch:4),__consumer_offsets-25 -> (Leader:0,ISR:0,LeaderEpoch:0,ZkVersion:0,ControllerEpoch:4),__consumer_offsets-8 -> (Leader:0,ISR:0,LeaderEpoch:0,ZkVersion:0,ControllerEpoch:4),__consumer_offsets-37 -> (Leader:0,ISR:0,LeaderEpoch:0,ZkVersion:0,ControllerEpoch:4),__consumer_offsets-4 -> (Leader:0,ISR:0,LeaderEpoch:0,ZkVersion:0,ControllerEpoch:4),__consumer_offsets-33 -> (Leader:0,ISR:0,LeaderEpoch:0,ZkVersion:0,ControllerEpoch:4),__consumer_offsets-15 -> (Leader:0,ISR:0,LeaderEpoch:0,ZkVersion:0,ControllerEpoch:4),__consumer_offsets-48 -> (Leader:0,ISR:0,LeaderEpoch:0,ZkVersion:0,ControllerEpoch:4),__consumer_offsets-11 -> (Leader:0,ISR:0,LeaderEpoch:0,ZkVersion:0,ControllerEpoch:4),__consumer_offsets-44 -> (Leader:0,ISR:0,LeaderEpoch:0,ZkVersion:0,ControllerEpoch:4),__consumer_offsets-23 -> (Leader:0,ISR:0,LeaderEpoch:0,ZkVersion:0,ControllerEpoch:4),__consumer_offsets-19 -> (Leader:0,ISR:0,LeaderEpoch:0,ZkVersion:0,ControllerEpoch:4),__consumer_offsets-32 -> (Leader:0,ISR:0,LeaderEpoch:0,ZkVersion:0,ControllerEpoch:4),__consumer_offsets-28 -> (Leader:0,ISR:0,LeaderEpoch:0,ZkVersion:0,ControllerEpoch:4),__consumer_offsets-7 -> (Leader:0,ISR:0,LeaderEpoch:0,ZkVersion:0,ControllerEpoch:4),__consumer_offsets-40 -> (Leader:0,ISR:0,LeaderEpoch:0,ZkVersion:0,ControllerEpoch:4),__consumer_offsets-3 -> (Leader:0,ISR:0,LeaderEpoch:0,ZkVersion:0,ControllerEpoch:4),__consumer_offsets-36 -> (Leader:0,ISR:0,LeaderEpoch:0,ZkVersion:0,ControllerEpoch:4),my-stream-0 -> (Leader:0,ISR:0,LeaderEpoch:0,ZkVersion:0,ControllerEpoch:3),__consumer_offsets-47 -> (Leader:0,ISR:0,LeaderEpoch:0,ZkVersion:0,ControllerEpoch:4),__consumer_offsets-14 -> (Leader:0,ISR:0,LeaderEpoch:0,ZkVersion:0,ControllerEpoch:4),__consumer_offsets-43 -> (Leader:0,ISR:0,LeaderEpoch:0,ZkVersion:0,ControllerEpoch:4),__consumer_offsets-10 -> (Leader:0,ISR:0,LeaderEpoch:0,ZkVersion:0,ControllerEpoch:4),__consumer_offsets-22 -> (Leader:0,ISR:0,LeaderEpoch:0,ZkVersion:0,ControllerEpoch:4),__consumer_offsets-18 -> (Leader:0,ISR:0,LeaderEpoch:0,ZkVersion:0,ControllerEpoch:4),__consumer_offsets-31 -> (Leader:0,ISR:0,LeaderEpoch:0,ZkVersion:0,ControllerEpoch:4),__consumer_offsets-27 -> (Leader:0,ISR:0,LeaderEpoch:0,ZkVersion:0,ControllerEpoch:4),__consumer_offsets-39 -> (Leader:0,ISR:0,LeaderEpoch:0,ZkVersion:0,ControllerEpoch:4),__consumer_offsets-6 -> (Leader:0,ISR:0,LeaderEpoch:0,ZkVersion:0,ControllerEpoch:4),__consumer_offsets-35 -> (Leader:0,ISR:0,LeaderEpoch:0,ZkVersion:0,ControllerEpoch:4),__consumer_offsets-2 -> (Leader:0,ISR:0,LeaderEpoch:0,ZkVersion:0,ControllerEpoch:4) (kafka.controller.KafkaController)
[2022-05-07 15:47:19,749] INFO [ControllerEventThread controllerId=0] Shutting down (kafka.controller.ControllerEventManager$ControllerEventThread)
[2022-05-07 15:47:19,751] INFO [ControllerEventThread controllerId=0] Stopped (kafka.controller.ControllerEventManager$ControllerEventThread)
[2022-05-07 15:47:19,752] INFO [ControllerEventThread controllerId=0] Shutdown completed (kafka.controller.ControllerEventManager$ControllerEventThread)
[2022-05-07 15:47:19,754] DEBUG [Controller id=0] Resigning (kafka.controller.KafkaController)
[2022-05-07 15:47:19,758] DEBUG [Controller id=0] Unregister BrokerModifications handler for Set(0) (kafka.controller.KafkaController)
[2022-05-07 15:47:19,765] INFO [PartitionStateMachine controllerId=0] Stopped partition state machine (kafka.controller.ZkPartitionStateMachine)
[2022-05-07 15:47:19,767] INFO [ReplicaStateMachine controllerId=0] Stopped replica state machine (kafka.controller.ZkReplicaStateMachine)
[2022-05-07 15:47:19,771] INFO [RequestSendThread controllerId=0] Shutting down (kafka.controller.RequestSendThread)
[2022-05-07 15:47:19,774] INFO [RequestSendThread controllerId=0] Stopped (kafka.controller.RequestSendThread)
[2022-05-07 15:47:19,774] INFO [RequestSendThread controllerId=0] Shutdown completed (kafka.controller.RequestSendThread)
[2022-05-07 15:47:19,779] INFO [Controller id=0] Resigned (kafka.controller.KafkaController)
